Время вызова функции - 03-04-2020 10:19:09
Имя функции - func
Аргументы функции - [3, 4]_{}
Возвращаемое значение - ((3, 4), {})

Время вызова функции - 03-04-2020 10:19:12
Имя функции - func
Аргументы функции - [3, 4]_{}
Возвращаемое значение - ((3, 4), {})

Время вызова функции - 03-04-2020 10:19:13
Имя функции - func
Аргументы функции - [3, 4]_{}
Возвращаемое значение - ((3, 4), {})

Время вызова функции - 03-04-2020 10:19:14
Имя функции - func
Аргументы функции - [3, 4]_{}
Возвращаемое значение - ((3, 4), {})

Время вызова функции: 03-04-2020 10:21:21
Имя функции: func
Аргументы функции: [3, 4]_{}
Возвращаемое значение: ((3, 4), {})

Время вызова функции: 03-04-2020 10:47:07
Имя функции: func
Аргументы функции: [3, 4]_{}
Возвращаемое значение: ((3, 4), {})

Время вызова функции: 03-04-2020 10:54:07
Имя функции: func
Аргументы функции: [3, 4]_{}
Возвращаемое значение: ((3, 4), {})

Время вызова функции: 03-04-2020 11:05:46
Имя функции: get_search_contact
Аргументы функции: (<__main__.PhoneBook object at 0x000002ADAA805340>, 'Peter', 'Wills')_{}
Возвращаемое значение: None

Время вызова функции: 03-04-2020 11:08:43
Имя функции: get_search_contact
Аргументы функции: (<__main__.PhoneBook object at 0x0000023B0AD15310>, 'Peter', 'Wills')_{}
Возвращаемое значение: name 'arg' is not defined

Время вызова функции: 03-04-2020 11:10:41
Имя функции: get_search_contact
Аргументы функции: (<__main__.PhoneBook object at 0x000001E29C345310>, 'Peter', 'Wills')_{}
Возвращаемое значение: Функция ничего не возвращает

